@ -1,5 +0,0 @@
{"@timestamp":"2026-04-08T22:10:00.000Z","message":"An account was successfully logged on.","host":{"name":"CLIENT-01"},"log":{"level":"information"},"winlog":{"event_id":4624,"channel":"Security","provider_name":"Microsoft-Windows-Security-Auditing","event_data":{"TargetUserName":"user1","IpAddress":"192.168.56.20","LogonType":"3"}}}
{"@timestamp":"2026-04-08T22:11:00.000Z","message":"An account failed to log on.","host":{"name":"CLIENT-01"},"log":{"level":"warning"},"winlog":{"event_id":4625,"channel":"Security","provider_name":"Microsoft-Windows-Security-Auditing","event_data":{"TargetUserName":"user1","IpAddress":"192.168.56.20","LogonType":"3"}}}
{"@timestamp":"2026-04-08T22:12:00.000Z","message":"Special privileges assigned to new logon.","host":{"name":"DC-01"},"log":{"level":"information"},"winlog":{"event_id":4672,"channel":"Security","provider_name":"Microsoft-Windows-Security-Auditing","event_data":{"TargetUserName":"administrator","IpAddress":"192.168.56.10","LogonType":"2"}}}
{"@timestamp":"2026-04-08T22:13:00.000Z","message":"A member was added to a security-enabled global group.","host":{"name":"DC-01"},"log":{"level":"warning"},"winlog":{"event_id":4728,"channel":"Security","provider_name":"Microsoft-Windows-Security-Auditing","event_data":{"TargetUserName":"user1","SubjectUserName":"administrator","GroupName":"Domain Admins"}}}
{"@timestamp":"2026-04-08T22:14:00.000Z","message":"A Kerberos service ticket was requested.","host":{"name":"DC-01"},"log":{"level":"warning"},"winlog":{"event_id":4769,"channel":"Security","provider_name":"Microsoft-Windows-Security-Auditing","event_data":{"TargetUserName":"svc_sql","IpAddress":"192.168.56.30","ServiceName":"MSSQLSvc/dc-01.lab.local:1433"}}}